<?xml version="1.0" encoding="UTF-8"?>
<testng-results ignored="0" total="1" passed="1" failed="0" skipped="0">
  <reporter-output>
  </reporter-output>
  <suite started-at="2022-04-26T19:43:35 IST" name="Default suite" finished-at="2022-04-26T19:43:48 IST" duration-ms="12962">
    <groups>
    </groups>
    <test started-at="2022-04-26T19:43:35 IST" name="Default test" finished-at="2022-04-26T19:43:48 IST" duration-ms="12962">
      <class name="regression_testing.SelectPageTesting">
        <test-method is-config="true" signature="setUp()[pri:0, instance:regression_testing.SelectPageTesting@fa49800]" started-at="2022-04-26T19:43:36 IST" name="setUp" finished-at="2022-04-26T19:43:47 IST" duration-ms="11742" status="PASS">
          <reporter-output>
          </reporter-output>
        </test-method> <!-- setUp -->
        <test-method signature="loginTest()[pri:0, instance:regression_testing.SelectPageTesting@fa49800]" started-at="2022-04-26T19:43:47 IST" name="loginTest" finished-at="2022-04-26T19:43:48 IST" duration-ms="1076" status="PASS">
          <reporter-output>
          </reporter-output>
        </test-method> <!-- loginTest -->
        <test-method is-config="true" signature="teardown()[pri:0, instance:regression_testing.SelectPageTesting@fa49800]" started-at="2022-04-26T19:43:48 IST" name="teardown" finished-at="2022-04-26T19:43:48 IST" duration-ms="115" status="PASS">
          <reporter-output>
          </reporter-output>
        </test-method> <!-- teardown -->
      </class> <!-- regression_testing.SelectPageTesting -->
    </test> <!-- Default test -->
  </suite> <!-- Default suite -->
</testng-results>
