<?xml version="1.0" encoding="UTF-8"?>
<testng-results ignored="0" total="1" passed="1" failed="0" skipped="0">
  <reporter-output>
  </reporter-output>
  <suite started-at="2022-05-13T15:40:55 IST" name="Default suite" finished-at="2022-05-13T15:41:15 IST" duration-ms="20199">
    <groups>
    </groups>
    <test started-at="2022-05-13T15:40:55 IST" name="Default test" finished-at="2022-05-13T15:41:15 IST" duration-ms="20199">
      <class name="regression_testing.SearchPageTest">
        <test-method is-config="true" signature="setUp()[pri:0, instance:regression_testing.SearchPageTest@37d4349f]" started-at="2022-05-13T15:40:56 IST" name="setUp" finished-at="2022-05-13T15:41:05 IST" duration-ms="9152" status="PASS">
          <reporter-output>
          </reporter-output>
        </test-method> <!-- setUp -->
        <test-method signature="searchHotel(java.lang.String,java.lang.String,java.lang.String,java.lang.String,java.lang.String,java.lang.String,java.lang.String,java.lang.String,java.lang.String,java.lang.String,java.lang.String,java.lang.String,java.lang.String,java.lang.String,java.lang.String,java.lang.String,java.lang.String,java.lang.String)[pri:0, instance:regression_testing.SearchPageTest@37d4349f]" started-at="2022-05-13T15:41:05 IST" name="searchHotel" data-provider="getTestCase" finished-at="2022-05-13T15:41:15 IST" duration-ms="10218" status="PASS">
          <params>
            <param index="0">
              <value>
                <![CDATA[Govardhan]]>
              </value>
            </param>
            <param index="1">
              <value>
                <![CDATA[Kgreddy88]]>
              </value>
            </param>
            <param index="2">
              <value>
                <![CDATA[Sydney]]>
              </value>
            </param>
            <param index="3">
              <value>
                <![CDATA[Hotel Creek]]>
              </value>
            </param>
            <param index="4">
              <value>
                <![CDATA[Standard]]>
              </value>
            </param>
            <param index="5">
              <value>
                <![CDATA[1 - One]]>
              </value>
            </param>
            <param index="6">
              <value>
                <![CDATA[09/05/2022]]>
              </value>
            </param>
            <param index="7">
              <value>
                <![CDATA[10/05/2022]]>
              </value>
            </param>
            <param index="8">
              <value>
                <![CDATA[1 - One]]>
              </value>
            </param>
            <param index="9">
              <value>
                <![CDATA[0 - None]]>
              </value>
            </param>
            <param index="10">
              <value>
                <![CDATA[Govardhan]]>
              </value>
            </param>
            <param index="11">
              <value>
                <![CDATA[Reddy]]>
              </value>
            </param>
            <param index="12">
              <value>
                <![CDATA[48 paramus,BDVL,Sunnyside,NJ]]>
              </value>
            </param>
            <param index="13">
              <value>
                <![CDATA[1234567898765432]]>
              </value>
            </param>
            <param index="14">
              <value>
                <![CDATA[VISA]]>
              </value>
            </param>
            <param index="15">
              <value>
                <![CDATA[May]]>
              </value>
            </param>
            <param index="16">
              <value>
                <![CDATA[2022]]>
              </value>
            </param>
            <param index="17">
              <value>
                <![CDATA[123]]>
              </value>
            </param>
          </params>
          <reporter-output>
          </reporter-output>
        </test-method> <!-- searchHotel -->
        <test-method is-config="true" signature="teardown()[pri:0, instance:regression_testing.SearchPageTest@37d4349f]" started-at="2022-05-13T15:41:15 IST" name="teardown" finished-at="2022-05-13T15:41:15 IST" duration-ms="150" status="PASS">
          <reporter-output>
          </reporter-output>
        </test-method> <!-- teardown -->
      </class> <!-- regression_testing.SearchPageTest -->
    </test> <!-- Default test -->
  </suite> <!-- Default suite -->
</testng-results>
